2/8/2022 10:56:07 PM	This log contains information about the import schema operation into project 'stock' on computer 'SUKHODESK' by user 'Sukho'.
2/8/2022 10:56:07 PM	Import of database schema has started.
2/8/2022 10:56:13 PM	Gathering database credentials
2/8/2022 10:56:13 PM	Gathering database options
2/8/2022 10:56:13 PM	Gathering generic database scoped configuration option
2/8/2022 10:56:13 PM	Gathering users
2/8/2022 10:56:13 PM	Gathering roles
2/8/2022 10:56:13 PM	Gathering application roles
2/8/2022 10:56:13 PM	Gathering role memberships
2/8/2022 10:56:13 PM	Gathering filegroups
2/8/2022 10:56:13 PM	Gathering full-text catalogs
2/8/2022 10:56:13 PM	Gathering assemblies
2/8/2022 10:56:13 PM	Gathering certificates
2/8/2022 10:56:13 PM	Gathering asymmetric keys
2/8/2022 10:56:13 PM	Gathering symmetric keys
2/8/2022 10:56:13 PM	Gathering encrypted symmetric keys
2/8/2022 10:56:13 PM	Gathering schemas
2/8/2022 10:56:13 PM	Gathering XML schema collections
2/8/2022 10:56:13 PM	Gathering user-defined data types
2/8/2022 10:56:13 PM	Gathering user-defined types
2/8/2022 10:56:13 PM	Gathering table types
2/8/2022 10:56:13 PM	Gathering unique keys for table types
2/8/2022 10:56:13 PM	Gathering primary keys for table types
2/8/2022 10:56:13 PM	Gathering indexes for table types
2/8/2022 10:56:13 PM	Gathering check constraints for table types
2/8/2022 10:56:13 PM	Gathering default constraints for table types
2/8/2022 10:56:13 PM	Gathering partition functions
2/8/2022 10:56:13 PM	Gathering partition schemes
2/8/2022 10:56:13 PM	Gathering functions
2/8/2022 10:56:13 PM	Gathering encrypted functions
2/8/2022 10:56:13 PM	Gathering aggregates
2/8/2022 10:56:13 PM	Gathering procedures
2/8/2022 10:56:13 PM	Gathering encrypted procedures
2/8/2022 10:56:13 PM	Gathering tables
2/8/2022 10:56:14 PM	Gathering primary keys
2/8/2022 10:56:14 PM	Gathering unique constraints
2/8/2022 10:56:14 PM	Gathering foreign keys
2/8/2022 10:56:14 PM	Gathering default constraints
2/8/2022 10:56:14 PM	Gathering check constraints
2/8/2022 10:56:14 PM	Gathering views
2/8/2022 10:56:14 PM	Gathering encrypted views
2/8/2022 10:56:14 PM	Gathering indexes
2/8/2022 10:56:14 PM	Gathering statistics
2/8/2022 10:56:14 PM	Gathering full-text index stoplists
2/8/2022 10:56:14 PM	Gathering search property lists
2/8/2022 10:56:14 PM	Gathering search properties
2/8/2022 10:56:14 PM	Gathering full-text indexes
2/8/2022 10:56:14 PM	Gathering column store indexes
2/8/2022 10:56:14 PM	Gathering spatial indexes
2/8/2022 10:56:14 PM	Gathering XML indexes
2/8/2022 10:56:14 PM	Gathering Selective XML indexes
2/8/2022 10:56:14 PM	Gathering encrypted triggers
2/8/2022 10:56:14 PM	Gathering triggers
2/8/2022 10:56:14 PM	Gathering encrypted and clr ddl triggers
2/8/2022 10:56:14 PM	Gathering ddl triggers
2/8/2022 10:56:14 PM	Creating edge constraints
2/8/2022 10:56:14 PM	Gathering synonyms
2/8/2022 10:56:14 PM	Gathering defaults
2/8/2022 10:56:14 PM	Gathering data constraint uddt bindings
2/8/2022 10:56:14 PM	Gathering rules
2/8/2022 10:56:14 PM	Gathering data constraint uddt bindings
2/8/2022 10:56:14 PM	Gathering message types
2/8/2022 10:56:14 PM	Gathering queues
2/8/2022 10:56:14 PM	Gathering contracts
2/8/2022 10:56:14 PM	Gathering services
2/8/2022 10:56:14 PM	Gathering event notifications
2/8/2022 10:56:14 PM	Gathering remote service bindings
2/8/2022 10:56:14 PM	Gathering broker priorities
2/8/2022 10:56:14 PM	Gathering signatures
2/8/2022 10:56:14 PM	Gathering data compression options
2/8/2022 10:56:14 PM	Gathering sequence types
2/8/2022 10:56:14 PM	Gathering security policies
2/8/2022 10:56:14 PM	Gather column encryption keys
2/8/2022 10:56:14 PM	Gathering column master keys
2/8/2022 10:56:14 PM	Gathering external data sources
2/8/2022 10:56:14 PM	Gathering external file formats
2/8/2022 10:56:14 PM	Gathering external tables
2/8/2022 10:56:14 PM	Gathering extended properties
2/8/2022 10:56:14 PM	Gathering credentials
2/8/2022 10:56:14 PM	Gathering logins
2/8/2022 10:56:14 PM	Gathering server audits
2/8/2022 10:56:14 PM	Scanning project for duplicate elements
2/8/2022 10:56:14 PM	Finished duplicate element processing
2/8/2022 10:56:15 PM	Finished importing database.
2/8/2022 10:56:15 PM	A summary of the import was saved to the following location: C:\Users\Sukho\OneDrive\투자\Program\History\stock\Import Schema Logs\stock_20220209035607.log
2/8/2022 10:56:15 PM	Click Finish to continue...
